[2026-04-06 18:16:08] INFO - Pipeline bắt đầu
[2026-04-06 18:16:08] INFO - 📂 Đọc file đầu vào...
[2026-04-06 18:16:08] INFO - ✓ Đọc thành công: workspace/inputs/layout.json (4 mục)
[2026-04-06 18:16:08] INFO - ✓ Đọc thành công: workspace/inputs/script.json (4 mục)
[2026-04-06 18:16:08] INFO - 📁 Thư mục output: D:\Sinh_Anh_Truyen_Tranh_AI\workspace\outputs
[2026-04-06 18:16:08] INFO - 📋 Bắt đầu xử lý 4 khung hình
[2026-04-06 18:16:08] INFO - ▶ Khung 1: aspect_ratio_16_9 -> 16:9
[2026-04-06 18:16:08] DEBUG -   [1] Tạo ảnh AI...
[2026-04-06 18:16:32] DEBUG -   [2] Thêm chữ/subtitle...
[2026-04-06 18:16:33] INFO -   ✓ Khung 1 hoàn tất
[2026-04-06 18:16:33] DEBUG - ⏱ Chờ 5s để tránh Rate Limit...
[2026-04-06 18:16:38] INFO - ▶ Khung 2: aspect_ratio_1_1 -> 1:1
[2026-04-06 18:16:38] DEBUG -   [1] Tạo ảnh AI...
[2026-04-06 18:17:01] DEBUG -   [2] Thêm chữ/subtitle...
[2026-04-06 18:17:01] INFO -   ✓ Khung 2 hoàn tất
[2026-04-06 18:17:01] DEBUG - ⏱ Chờ 5s để tránh Rate Limit...
[2026-04-06 18:17:06] INFO - ▶ Khung 3: aspect_ratio_1_1 -> 1:1
[2026-04-06 18:17:06] DEBUG -   [1] Tạo ảnh AI...
[2026-04-06 18:17:27] DEBUG -   [2] Thêm chữ/subtitle...
[2026-04-06 18:17:27] INFO -   ✓ Khung 3 hoàn tất
[2026-04-06 18:17:27] DEBUG - ⏱ Chờ 5s để tránh Rate Limit...
[2026-04-06 18:17:32] INFO - ▶ Khung 4: aspect_ratio_16_9 -> 16:9
[2026-04-06 18:17:32] DEBUG -   [1] Tạo ảnh AI...
[2026-04-06 18:18:01] DEBUG -   [2] Thêm chữ/subtitle...
[2026-04-06 18:18:01] INFO -   ✓ Khung 4 hoàn tất
[2026-04-06 18:18:01] INFO - ✓ Hoàn tất: 4/4 khung hình
[2026-04-06 18:18:01] INFO - 📖 Ghép các khung thành trang truyện...
[2026-04-06 18:18:01] INFO - 🎨 Đang tiến hành thiết kế Layout trang truyện Manga...
[2026-04-06 18:18:01] DEBUG -   Dòng 1: 1 khung, H=1071px
[2026-04-06 18:18:01] DEBUG -   Dòng 2: 2 khung, H=950px
[2026-04-06 18:18:01] DEBUG -   Dòng 3: 1 khung, H=1071px
[2026-04-06 18:18:01] DEBUG -   Tạo canvas: 2000x3212px
[2026-04-06 18:18:01] INFO - 🎉 XUẤT XƯỞNG THÀNH CÔNG! Trang truyện được lưu tại: workspace/outputs\TAP_TRUYEN_MANGA.jpg
[2026-04-06 18:18:01] INFO - ⏱ Tổng thời gian: 112.5s (1.9 phút)
[2026-04-06 18:18:01] INFO - Pipeline kết thúc thành công
[2026-04-06 18:28:03] INFO - Pipeline bắt đầu
[2026-04-06 18:28:03] INFO - 📂 Đọc file đầu vào...
[2026-04-06 18:28:03] INFO - ✓ Đọc thành công: workspace/inputs/layout.json (4 mục)
[2026-04-06 18:28:03] INFO - ✓ Đọc thành công: workspace/inputs/script.json (4 mục)
[2026-04-06 18:28:03] INFO - 📁 Thư mục output: D:\Sinh_Anh_Truyen_Tranh_AI\workspace\outputs
[2026-04-06 18:28:03] INFO - 📋 Bắt đầu xử lý 4 khung hình
[2026-04-06 18:28:03] INFO - ▶ Khung 1: aspect_ratio_16_9 -> 16:9
[2026-04-06 18:28:03] DEBUG -   [1] Tạo ảnh AI...
[2026-04-06 18:28:33] DEBUG -   [2] Thêm chữ/subtitle...
[2026-04-06 18:28:33] INFO -   ✓ Khung 1 hoàn tất
[2026-04-06 18:28:33] DEBUG - ⏱ Chờ 5s để tránh Rate Limit...
[2026-04-06 18:28:38] INFO - ▶ Khung 2: aspect_ratio_1_1 -> 1:1
[2026-04-06 18:28:38] DEBUG -   [1] Tạo ảnh AI...
[2026-04-06 18:28:58] DEBUG -   [2] Thêm chữ/subtitle...
[2026-04-06 18:28:58] INFO -   ✓ Khung 2 hoàn tất
[2026-04-06 18:28:58] DEBUG - ⏱ Chờ 5s để tránh Rate Limit...
[2026-04-06 18:29:03] INFO - ▶ Khung 3: aspect_ratio_1_1 -> 1:1
[2026-04-06 18:29:03] DEBUG -   [1] Tạo ảnh AI...
[2026-04-06 18:29:20] DEBUG -   [2] Thêm chữ/subtitle...
[2026-04-06 18:29:20] INFO -   ✓ Khung 3 hoàn tất
[2026-04-06 18:29:20] DEBUG - ⏱ Chờ 5s để tránh Rate Limit...
[2026-04-06 18:29:25] INFO - ▶ Khung 4: aspect_ratio_16_9 -> 16:9
[2026-04-06 18:29:25] DEBUG -   [1] Tạo ảnh AI...
[2026-04-06 18:29:46] DEBUG -   [2] Thêm chữ/subtitle...
[2026-04-06 18:29:46] INFO -   ✓ Khung 4 hoàn tất
[2026-04-06 18:29:46] INFO - ✓ Hoàn tất: 4/4 khung hình
[2026-04-06 18:29:46] INFO - 📖 Ghép các khung thành trang truyện...
[2026-04-06 18:29:46] INFO - 🎨 Đang tiến hành thiết kế Layout trang truyện Manga...
[2026-04-06 18:29:46] DEBUG -   Dòng 1: 1 khung, H=1071px
[2026-04-06 18:29:46] DEBUG -   Dòng 2: 2 khung, H=950px
[2026-04-06 18:29:46] DEBUG -   Dòng 3: 1 khung, H=1071px
[2026-04-06 18:29:46] DEBUG -   Tạo canvas: 2000x3212px
[2026-04-06 18:29:46] INFO - 🎉 XUẤT XƯỞNG THÀNH CÔNG! Trang truyện được lưu tại: workspace/outputs\TAP_TRUYEN_MANGA.jpg
[2026-04-06 18:29:46] INFO - ⏱ Tổng thời gian: 102.9s (1.7 phút)
[2026-04-06 18:29:46] INFO - Pipeline kết thúc thành công
[2026-04-07 20:55:00] INFO - Pipeline bắt đầu
[2026-04-07 20:55:00] INFO - 📂 Đọc file đầu vào...
[2026-04-07 20:55:00] INFO - ✓ Đọc thành công: workspace/inputs/layout.json (4 mục)
[2026-04-07 20:55:00] INFO - ✓ Đọc thành công: workspace/inputs/script.json (4 mục)
[2026-04-07 20:55:00] INFO - 📁 Thư mục output: D:\Sinh_Anh_Truyen_Tranh_AI\workspace\outputs
[2026-04-07 20:55:00] INFO - 📋 Bắt đầu xử lý 4 khung hình
[2026-04-07 20:55:00] INFO - ▶ Khung 1: aspect_ratio_16_9 -> 16:9
[2026-04-07 20:55:00] DEBUG -   [1] Tạo ảnh AI...
[2026-04-07 20:55:23] DEBUG -   [2] Thêm chữ/subtitle...
[2026-04-07 20:55:23] INFO -   ✓ Khung 1 hoàn tất
[2026-04-07 20:55:23] DEBUG - ⏱ Chờ 5s để tránh Rate Limit...
[2026-04-07 20:55:28] INFO - ▶ Khung 2: aspect_ratio_1_1 -> 1:1
[2026-04-07 20:55:28] DEBUG -   [1] Tạo ảnh AI...
[2026-04-07 20:55:49] DEBUG -   [2] Thêm chữ/subtitle...
[2026-04-07 20:55:49] INFO -   ✓ Khung 2 hoàn tất
[2026-04-07 20:55:49] DEBUG - ⏱ Chờ 5s để tránh Rate Limit...
[2026-04-07 20:55:54] INFO - ▶ Khung 3: aspect_ratio_1_1 -> 1:1
[2026-04-07 20:55:54] DEBUG -   [1] Tạo ảnh AI...
[2026-04-07 20:56:17] DEBUG -   [2] Thêm chữ/subtitle...
[2026-04-07 20:56:17] INFO -   ✓ Khung 3 hoàn tất
[2026-04-07 20:56:17] DEBUG - ⏱ Chờ 5s để tránh Rate Limit...
[2026-04-07 20:56:22] INFO - ▶ Khung 4: aspect_ratio_16_9 -> 16:9
[2026-04-07 20:56:22] DEBUG -   [1] Tạo ảnh AI...
[2026-04-07 20:56:44] DEBUG -   [2] Thêm chữ/subtitle...
[2026-04-07 20:56:44] INFO -   ✓ Khung 4 hoàn tất
[2026-04-07 20:56:44] INFO - ✓ Hoàn tất: 4/4 khung hình
[2026-04-07 20:56:44] INFO - 📖 Ghép các khung thành trang truyện...
[2026-04-07 20:56:44] INFO - 🎨 Đang tiến hành thiết kế Layout trang truyện Manga...
[2026-04-07 20:56:44] DEBUG -   Dòng 1: 2 khung, H=950px
[2026-04-07 20:56:44] DEBUG -   Dòng 2: 2 khung, H=950px
[2026-04-07 20:56:44] DEBUG -   Tạo canvas: 2000x2000px
[2026-04-07 20:56:44] INFO - 🎉 XUẤT XƯỞNG THÀNH CÔNG! Trang truyện được lưu tại: workspace/outputs\TAP_TRUYEN_MANGA.jpg
[2026-04-07 20:56:44] INFO - ⏱ Tổng thời gian: 104.3s (1.7 phút)
[2026-04-07 20:56:44] INFO - Pipeline kết thúc thành công
[2026-04-07 21:05:12] INFO - Pipeline bắt đầu
[2026-04-07 21:05:12] INFO - 📂 Đọc file đầu vào...
[2026-04-07 21:05:12] INFO - ✓ Đọc thành công: workspace/inputs/layout.json (4 mục)
[2026-04-07 21:05:12] INFO - ✓ Đọc thành công: workspace/inputs/script.json (4 mục)
[2026-04-07 21:05:12] INFO - 📁 Thư mục output: D:\Sinh_Anh_Truyen_Tranh_AI\workspace\outputs
[2026-04-07 21:05:12] INFO - 📋 Bắt đầu xử lý 4 khung hình
[2026-04-07 21:05:12] INFO - ▶ Khung 1: aspect_ratio_16_9 -> 16:9
[2026-04-07 21:05:12] DEBUG -   [1] Tạo ảnh AI...
[2026-04-07 21:05:48] DEBUG -   [2] Thêm chữ/subtitle...
[2026-04-07 21:05:48] INFO -   ✓ Khung 1 hoàn tất
[2026-04-07 21:05:48] DEBUG - ⏱ Chờ 5s để tránh Rate Limit...
[2026-04-07 21:05:53] INFO - ▶ Khung 2: aspect_ratio_1_1 -> 1:1
[2026-04-07 21:05:53] DEBUG -   [1] Tạo ảnh AI...
[2026-04-07 21:06:16] DEBUG -   [2] Thêm chữ/subtitle...
[2026-04-07 21:06:16] INFO -   ✓ Khung 2 hoàn tất
[2026-04-07 21:06:16] DEBUG - ⏱ Chờ 5s để tránh Rate Limit...
[2026-04-07 21:06:21] INFO - ▶ Khung 3: aspect_ratio_1_1 -> 1:1
[2026-04-07 21:06:21] DEBUG -   [1] Tạo ảnh AI...
[2026-04-07 21:06:41] DEBUG -   [2] Thêm chữ/subtitle...
[2026-04-07 21:06:41] INFO -   ✓ Khung 3 hoàn tất
[2026-04-07 21:06:41] DEBUG - ⏱ Chờ 5s để tránh Rate Limit...
[2026-04-07 21:06:46] INFO - ▶ Khung 4: aspect_ratio_16_9 -> 16:9
[2026-04-07 21:06:46] DEBUG -   [1] Tạo ảnh AI...
[2026-04-07 21:07:11] DEBUG -   [2] Thêm chữ/subtitle...
[2026-04-07 21:07:11] INFO -   ✓ Khung 4 hoàn tất
[2026-04-07 21:07:11] INFO - ✓ Hoàn tất: 4/4 khung hình
[2026-04-07 21:07:11] INFO - 📖 Ghép các khung thành trang truyện...
[2026-04-07 21:07:11] INFO - 🎨 Đang tiến hành thiết kế Layout trang truyện Manga...
[2026-04-07 21:07:11] DEBUG -   Dòng 1: 2 khung, H=950px
[2026-04-07 21:07:11] DEBUG -   Dòng 2: 2 khung, H=950px
[2026-04-07 21:07:11] DEBUG -   Tạo canvas: 2000x2000px
[2026-04-07 21:07:11] INFO - 🎉 XUẤT XƯỞNG THÀNH CÔNG! Trang truyện được lưu tại: workspace/outputs\TAP_TRUYEN_MANGA.jpg
[2026-04-07 21:07:11] INFO - ⏱ Tổng thời gian: 118.6s (2.0 phút)
[2026-04-07 21:07:11] INFO - Pipeline kết thúc thành công
[2026-04-07 21:22:57] INFO - Pipeline bắt đầu
[2026-04-07 21:22:57] INFO - 📂 Đọc file đầu vào...
[2026-04-07 21:22:57] INFO - ✓ Đọc thành công: workspace/inputs/layout.json (6 mục)
[2026-04-07 21:22:57] INFO - ✓ Đọc thành công: workspace/inputs/script.json (6 mục)
[2026-04-07 21:22:57] INFO - 📁 Thư mục output: D:\Sinh_Anh_Truyen_Tranh_AI\workspace\outputs
[2026-04-07 21:22:57] INFO - 📋 Bắt đầu xử lý 6 khung hình
[2026-04-07 21:22:57] INFO - ▶ Khung 1: aspect_ratio_16_9 -> 16:9
[2026-04-07 21:22:57] DEBUG -   [1] Tạo ảnh AI...
[2026-04-07 21:23:25] DEBUG -   [2] Thêm chữ/subtitle...
[2026-04-07 21:23:25] INFO -   ✓ Khung 1 hoàn tất
[2026-04-07 21:23:25] DEBUG - ⏱ Chờ 5s để tránh Rate Limit...
[2026-04-07 21:23:30] INFO - ▶ Khung 2: aspect_ratio_1_1 -> 1:1
[2026-04-07 21:23:30] DEBUG -   [1] Tạo ảnh AI...
[2026-04-07 21:23:55] DEBUG -   [2] Thêm chữ/subtitle...
[2026-04-07 21:23:56] INFO -   ✓ Khung 2 hoàn tất
[2026-04-07 21:23:56] DEBUG - ⏱ Chờ 5s để tránh Rate Limit...
[2026-04-07 21:24:01] INFO - ▶ Khung 3: aspect_ratio_9_16 -> 9:16
[2026-04-07 21:24:01] DEBUG -   [1] Tạo ảnh AI...
[2026-04-07 21:24:19] DEBUG -   [2] Thêm chữ/subtitle...
[2026-04-07 21:24:19] INFO -   ✓ Khung 3 hoàn tất
[2026-04-07 21:24:19] DEBUG - ⏱ Chờ 5s để tránh Rate Limit...
[2026-04-07 21:24:24] INFO - ▶ Khung 4: aspect_ratio_16_9 -> 16:9
[2026-04-07 21:24:24] DEBUG -   [1] Tạo ảnh AI...
[2026-04-07 21:24:44] DEBUG -   [2] Thêm chữ/subtitle...
[2026-04-07 21:24:44] INFO -   ✓ Khung 4 hoàn tất
[2026-04-07 21:24:44] DEBUG - ⏱ Chờ 5s để tránh Rate Limit...
[2026-04-07 21:24:49] INFO - ▶ Khung 5: aspect_ratio_1_1 -> 1:1
[2026-04-07 21:24:49] DEBUG -   [1] Tạo ảnh AI...
[2026-04-07 21:25:10] DEBUG -   [2] Thêm chữ/subtitle...
[2026-04-07 21:25:10] INFO -   ✓ Khung 5 hoàn tất
[2026-04-07 21:25:10] DEBUG - ⏱ Chờ 5s để tránh Rate Limit...
[2026-04-07 21:25:16] INFO - ▶ Khung 6: aspect_ratio_16_9 -> 16:9
[2026-04-07 21:25:16] DEBUG -   [1] Tạo ảnh AI...
[2026-04-07 21:25:52] DEBUG -   [2] Thêm chữ/subtitle...
[2026-04-07 21:25:52] INFO -   ✓ Khung 6 hoàn tất
[2026-04-07 21:25:52] INFO - ✓ Hoàn tất: 6/6 khung hình
[2026-04-07 21:25:52] INFO - 📖 Ghép các khung thành trang truyện...
[2026-04-07 21:25:52] INFO - 🎨 Đang tiến hành thiết kế Layout trang truyện Manga...
[2026-04-07 21:25:52] DEBUG -   Dòng 1: 1 khung, H=1071px
[2026-04-07 21:25:52] DEBUG -   Dòng 2: 2 khung, H=1219px
[2026-04-07 21:25:52] DEBUG -   Dòng 3: 1 khung, H=1071px
[2026-04-07 21:25:53] DEBUG -   Dòng 4: 1 khung, H=1920px
[2026-04-07 21:25:53] DEBUG -   Dòng 5: 1 khung, H=1071px
[2026-04-07 21:25:53] DEBUG -   Tạo canvas: 2000x6512px
[2026-04-07 21:25:53] INFO - 🎉 XUẤT XƯỞNG THÀNH CÔNG! Trang truyện được lưu tại: workspace/outputs\tap_truyen.jpg
[2026-04-07 21:25:53] INFO - ⏱ Tổng thời gian: 175.7s (2.9 phút)
[2026-04-07 21:25:53] INFO - Pipeline kết thúc thành công
[2026-04-07 21:45:49] INFO - Pipeline bắt đầu
[2026-04-07 21:45:49] INFO - 📂 Đọc file đầu vào...
[2026-04-07 21:45:49] INFO - ✓ Đọc thành công: workspace/inputs/layout.json (6 mục)
[2026-04-07 21:45:49] INFO - ✓ Đọc thành công: workspace/inputs/script.json (6 mục)
[2026-04-07 21:45:49] INFO - 📁 Thư mục output: D:\Sinh_Anh_Truyen_Tranh_AI\workspace\outputs
[2026-04-07 21:45:49] INFO - 📋 Bắt đầu xử lý 6 khung hình
[2026-04-07 21:45:49] INFO - ▶ Khung 1: aspect_ratio_16_9 -> 16:9
[2026-04-07 21:45:49] DEBUG -   [1] Tạo ảnh AI...
[2026-04-07 21:46:11] DEBUG -   [2] Thêm chữ/subtitle...
[2026-04-07 21:46:11] INFO -   ✓ Khung 1 hoàn tất
[2026-04-07 21:46:11] DEBUG - ⏱ Chờ 5s để tránh Rate Limit...
[2026-04-07 21:46:16] INFO - ▶ Khung 2: aspect_ratio_1_1 -> 1:1
[2026-04-07 21:46:16] DEBUG -   [1] Tạo ảnh AI...
[2026-04-07 21:46:38] DEBUG -   [2] Thêm chữ/subtitle...
[2026-04-07 21:46:38] INFO -   ✓ Khung 2 hoàn tất
[2026-04-07 21:46:38] DEBUG - ⏱ Chờ 5s để tránh Rate Limit...
[2026-04-07 21:46:43] INFO - ▶ Khung 3: aspect_ratio_9_16 -> 9:16
[2026-04-07 21:46:43] DEBUG -   [1] Tạo ảnh AI...
[2026-04-07 21:47:20] DEBUG -   [2] Thêm chữ/subtitle...
[2026-04-07 21:47:20] INFO -   ✓ Khung 3 hoàn tất
[2026-04-07 21:47:20] DEBUG - ⏱ Chờ 5s để tránh Rate Limit...
[2026-04-07 21:47:25] INFO - ▶ Khung 4: aspect_ratio_16_9 -> 16:9
[2026-04-07 21:47:25] DEBUG -   [1] Tạo ảnh AI...
[2026-04-07 21:47:51] DEBUG -   [2] Thêm chữ/subtitle...
[2026-04-07 21:47:51] INFO -   ✓ Khung 4 hoàn tất
[2026-04-07 21:47:51] DEBUG - ⏱ Chờ 5s để tránh Rate Limit...
[2026-04-07 21:47:56] INFO - ▶ Khung 5: aspect_ratio_1_1 -> 1:1
[2026-04-07 21:47:56] DEBUG -   [1] Tạo ảnh AI...
[2026-04-07 21:48:14] DEBUG -   [2] Thêm chữ/subtitle...
[2026-04-07 21:48:15] INFO -   ✓ Khung 5 hoàn tất
[2026-04-07 21:48:15] DEBUG - ⏱ Chờ 5s để tránh Rate Limit...
[2026-04-07 21:48:20] INFO - ▶ Khung 6: aspect_ratio_16_9 -> 16:9
[2026-04-07 21:48:20] DEBUG -   [1] Tạo ảnh AI...
[2026-04-07 21:48:39] DEBUG -   [2] Thêm chữ/subtitle...
[2026-04-07 21:48:39] INFO -   ✓ Khung 6 hoàn tất
[2026-04-07 21:48:39] INFO - ✓ Hoàn tất: 6/6 khung hình
[2026-04-07 21:48:39] INFO - 📖 Ghép các khung thành trang truyện...
[2026-04-07 21:48:39] INFO - 🎨 Đang tiến hành ghép trang truyện A4 với layout khung hình thang...
[2026-04-07 21:48:40] INFO - 🎉 XUẤT XƯỞNG THÀNH CÔNG! Trang truyện A4 được lưu tại: workspace/outputs\tap_truyen.jpg
[2026-04-07 21:48:40] INFO - ⏱ Tổng thời gian: 170.5s (2.8 phút)
[2026-04-07 21:48:40] INFO - Pipeline kết thúc thành công
[2026-04-07 21:58:48] INFO - Pipeline bắt đầu
[2026-04-07 21:58:48] INFO - 📂 Đọc file đầu vào...
[2026-04-07 21:58:48] INFO - ✓ Đọc thành công: workspace/inputs/layout.json (6 mục)
[2026-04-07 21:58:48] INFO - ✓ Đọc thành công: workspace/inputs/script.json (6 mục)
[2026-04-07 21:58:48] INFO - 📁 Thư mục output: D:\Sinh_Anh_Truyen_Tranh_AI\workspace\outputs
[2026-04-07 21:58:48] INFO - 📋 Bắt đầu xử lý 6 khung hình
[2026-04-07 21:58:48] INFO - ▶ Khung 1: aspect_ratio_16_9 -> 16:9
[2026-04-07 21:58:48] DEBUG -   [1] Tạo ảnh AI...
[2026-04-07 21:59:15] DEBUG -   [2] Thêm chữ/subtitle...
[2026-04-07 21:59:16] INFO -   ✓ Khung 1 hoàn tất
[2026-04-07 21:59:16] DEBUG - ⏱ Chờ 5s để tránh Rate Limit...
[2026-04-07 21:59:21] INFO - ▶ Khung 2: aspect_ratio_1_1 -> 1:1
[2026-04-07 21:59:21] DEBUG -   [1] Tạo ảnh AI...
[2026-04-07 21:59:44] DEBUG -   [2] Thêm chữ/subtitle...
[2026-04-07 21:59:44] INFO -   ✓ Khung 2 hoàn tất
[2026-04-07 21:59:44] DEBUG - ⏱ Chờ 5s để tránh Rate Limit...
[2026-04-07 21:59:49] INFO - ▶ Khung 3: aspect_ratio_9_16 -> 9:16
[2026-04-07 21:59:49] DEBUG -   [1] Tạo ảnh AI...
[2026-04-07 22:00:15] DEBUG -   [2] Thêm chữ/subtitle...
[2026-04-07 22:00:15] INFO -   ✓ Khung 3 hoàn tất
[2026-04-07 22:00:15] DEBUG - ⏱ Chờ 5s để tránh Rate Limit...
[2026-04-07 22:00:20] INFO - ▶ Khung 4: aspect_ratio_16_9 -> 16:9
[2026-04-07 22:00:20] DEBUG -   [1] Tạo ảnh AI...
[2026-04-07 22:00:52] DEBUG -   [2] Thêm chữ/subtitle...
[2026-04-07 22:00:52] INFO -   ✓ Khung 4 hoàn tất
[2026-04-07 22:00:52] DEBUG - ⏱ Chờ 5s để tránh Rate Limit...
[2026-04-07 22:00:57] INFO - ▶ Khung 5: aspect_ratio_1_1 -> 1:1
[2026-04-07 22:00:57] DEBUG -   [1] Tạo ảnh AI...
[2026-04-07 22:01:13] DEBUG -   [2] Thêm chữ/subtitle...
[2026-04-07 22:01:13] INFO -   ✓ Khung 5 hoàn tất
[2026-04-07 22:01:13] DEBUG - ⏱ Chờ 5s để tránh Rate Limit...
[2026-04-07 22:01:18] INFO - ▶ Khung 6: aspect_ratio_16_9 -> 16:9
[2026-04-07 22:01:18] DEBUG -   [1] Tạo ảnh AI...
[2026-04-07 22:01:42] DEBUG -   [2] Thêm chữ/subtitle...
[2026-04-07 22:01:42] INFO -   ✓ Khung 6 hoàn tất
[2026-04-07 22:01:42] INFO - ✓ Hoàn tất: 6/6 khung hình
[2026-04-07 22:01:42] INFO - 📖 Ghép các khung thành trang truyện...
[2026-04-07 22:01:42] INFO - 🎨 Đang tiến hành ghép trang truyện A4 layout thường...
[2026-04-07 22:01:43] INFO - 🎉 XUẤT XƯỞNG THÀNH CÔNG! Trang truyện A4 được lưu tại: workspace/outputs\tap_truyen.jpg
[2026-04-07 22:01:43] INFO - ⏱ Tổng thời gian: 175.2s (2.9 phút)
[2026-04-07 22:01:43] INFO - Pipeline kết thúc thành công
[2026-04-07 22:13:01] INFO - Pipeline bắt đầu
[2026-04-07 22:13:01] INFO - 📂 Đọc file đầu vào...
[2026-04-07 22:13:01] INFO - ✓ Đọc thành công: workspace/inputs/layout.json (6 mục)
[2026-04-07 22:13:01] INFO - ✓ Đọc thành công: workspace/inputs/script.json (6 mục)
[2026-04-07 22:13:01] INFO - 📁 Thư mục output: D:\Sinh_Anh_Truyen_Tranh_AI\workspace\outputs
[2026-04-07 22:13:01] INFO - 📋 Bắt đầu xử lý 6 khung hình
[2026-04-07 22:13:01] INFO - ▶ Khung 1: aspect_ratio_16_9 -> 16:9
[2026-04-07 22:13:01] DEBUG -   [1] Tạo ảnh AI...
[2026-04-07 22:13:25] DEBUG -   [2] Thêm chữ/subtitle...
[2026-04-07 22:13:25] INFO -   ✓ Khung 1 hoàn tất
[2026-04-07 22:13:25] DEBUG - ⏱ Chờ 5s để tránh Rate Limit...
[2026-04-07 22:13:30] INFO - ▶ Khung 2: aspect_ratio_1_1 -> 1:1
[2026-04-07 22:13:30] DEBUG -   [1] Tạo ảnh AI...
[2026-04-07 22:13:56] DEBUG -   [2] Thêm chữ/subtitle...
[2026-04-07 22:13:56] INFO -   ✓ Khung 2 hoàn tất
[2026-04-07 22:13:56] DEBUG - ⏱ Chờ 5s để tránh Rate Limit...
[2026-04-07 22:14:01] INFO - ▶ Khung 3: aspect_ratio_9_16 -> 9:16
[2026-04-07 22:14:01] DEBUG -   [1] Tạo ảnh AI...
[2026-04-07 22:14:37] DEBUG -   [2] Thêm chữ/subtitle...
[2026-04-07 22:14:37] INFO -   ✓ Khung 3 hoàn tất
[2026-04-07 22:14:37] DEBUG - ⏱ Chờ 5s để tránh Rate Limit...
[2026-04-07 22:14:42] INFO - ▶ Khung 4: aspect_ratio_16_9 -> 16:9
[2026-04-07 22:14:42] DEBUG -   [1] Tạo ảnh AI...
[2026-04-07 22:15:06] DEBUG -   [2] Thêm chữ/subtitle...
[2026-04-07 22:15:06] INFO -   ✓ Khung 4 hoàn tất
[2026-04-07 22:15:06] DEBUG - ⏱ Chờ 5s để tránh Rate Limit...
[2026-04-07 22:15:11] INFO - ▶ Khung 5: aspect_ratio_1_1 -> 1:1
[2026-04-07 22:15:11] DEBUG -   [1] Tạo ảnh AI...
[2026-04-07 22:15:40] DEBUG -   [2] Thêm chữ/subtitle...
[2026-04-07 22:15:40] INFO -   ✓ Khung 5 hoàn tất
[2026-04-07 22:15:40] DEBUG - ⏱ Chờ 5s để tránh Rate Limit...
[2026-04-07 22:15:45] INFO - ▶ Khung 6: aspect_ratio_16_9 -> 16:9
[2026-04-07 22:15:45] DEBUG -   [1] Tạo ảnh AI...
[2026-04-07 22:16:09] DEBUG -   [2] Thêm chữ/subtitle...
[2026-04-07 22:16:09] INFO -   ✓ Khung 6 hoàn tất
[2026-04-07 22:16:09] INFO - ✓ Hoàn tất: 6/6 khung hình
[2026-04-07 22:16:09] INFO - 📖 Ghép các khung thành trang truyện...
[2026-04-07 22:16:09] INFO - 🎨 Đang tiến hành ghép trang truyện A4 layout thường...
[2026-04-07 22:16:10] INFO - 🎉 XUẤT XƯỞNG THÀNH CÔNG! Trang truyện A4 được lưu tại: workspace/outputs\tap_truyen.jpg
[2026-04-07 22:16:10] INFO - ⏱ Tổng thời gian: 189.1s (3.2 phút)
[2026-04-07 22:16:10] INFO - Pipeline kết thúc thành công
[2026-04-07 22:25:10] INFO - Pipeline bắt đầu
[2026-04-07 22:25:10] INFO - 📂 Đọc file đầu vào...
[2026-04-07 22:25:10] INFO - ✓ Đọc thành công: workspace/inputs/layout.json (6 mục)
[2026-04-07 22:25:10] INFO - ✓ Đọc thành công: workspace/inputs/script.json (6 mục)
[2026-04-07 22:25:10] INFO - 📁 Thư mục output: D:\Sinh_Anh_Truyen_Tranh_AI\workspace\outputs
[2026-04-07 22:25:10] INFO - 📋 Bắt đầu xử lý 6 khung hình
[2026-04-07 22:25:10] INFO - ▶ Khung 1: aspect_ratio_16_9 -> 16:9
[2026-04-07 22:25:10] DEBUG -   [1] Tạo ảnh AI...
[2026-04-07 22:25:31] DEBUG -   [2] Thêm chữ/subtitle...
[2026-04-07 22:25:31] INFO -   ✓ Khung 1 hoàn tất
[2026-04-07 22:25:31] DEBUG - ⏱ Chờ 5s để tránh Rate Limit...
[2026-04-07 22:25:36] INFO - ▶ Khung 2: aspect_ratio_1_1 -> 1:1
[2026-04-07 22:25:36] DEBUG -   [1] Tạo ảnh AI...
[2026-04-07 22:25:57] DEBUG -   [2] Thêm chữ/subtitle...
[2026-04-07 22:25:57] INFO -   ✓ Khung 2 hoàn tất
[2026-04-07 22:25:57] DEBUG - ⏱ Chờ 5s để tránh Rate Limit...
[2026-04-07 22:26:02] INFO - ▶ Khung 3: aspect_ratio_9_16 -> 9:16
[2026-04-07 22:26:02] DEBUG -   [1] Tạo ảnh AI...
[2026-04-07 22:26:27] DEBUG -   [2] Thêm chữ/subtitle...
[2026-04-07 22:26:27] INFO -   ✓ Khung 3 hoàn tất
[2026-04-07 22:26:27] DEBUG - ⏱ Chờ 5s để tránh Rate Limit...
[2026-04-07 22:26:32] INFO - ▶ Khung 4: aspect_ratio_16_9 -> 16:9
[2026-04-07 22:26:32] DEBUG -   [1] Tạo ảnh AI...
[2026-04-07 22:26:56] DEBUG -   [2] Thêm chữ/subtitle...
[2026-04-07 22:26:56] INFO -   ✓ Khung 4 hoàn tất
[2026-04-07 22:26:56] DEBUG - ⏱ Chờ 5s để tránh Rate Limit...
[2026-04-07 22:27:01] INFO - ▶ Khung 5: aspect_ratio_1_1 -> 1:1
[2026-04-07 22:27:01] DEBUG -   [1] Tạo ảnh AI...
[2026-04-07 22:27:23] DEBUG -   [2] Thêm chữ/subtitle...
[2026-04-07 22:27:23] INFO -   ✓ Khung 5 hoàn tất
[2026-04-07 22:27:23] DEBUG - ⏱ Chờ 5s để tránh Rate Limit...
[2026-04-07 22:27:28] INFO - ▶ Khung 6: aspect_ratio_16_9 -> 16:9
[2026-04-07 22:27:28] DEBUG -   [1] Tạo ảnh AI...
[2026-04-07 22:27:49] DEBUG -   [2] Thêm chữ/subtitle...
[2026-04-07 22:27:49] INFO -   ✓ Khung 6 hoàn tất
[2026-04-07 22:27:49] INFO - ✓ Hoàn tất: 6/6 khung hình
[2026-04-07 22:27:49] INFO - 📖 Ghép các khung thành trang truyện...
[2026-04-07 22:27:49] INFO - 🎨 Đang tiến hành ghép trang truyện A4 layout thường...
[2026-04-07 22:27:50] INFO - 🎉 XUẤT XƯỞNG THÀNH CÔNG! Trang truyện A4 được lưu tại: workspace/outputs\tap_truyen.jpg
[2026-04-07 22:27:50] INFO - ⏱ Tổng thời gian: 159.7s (2.7 phút)
[2026-04-07 22:27:50] INFO - Pipeline kết thúc thành công
[2026-04-07 22:31:14] INFO - Pipeline bắt đầu
[2026-04-07 22:31:14] INFO - 📂 Đọc file đầu vào...
[2026-04-07 22:31:14] INFO - ✓ Đọc thành công: workspace/inputs/layout.json (6 mục)
[2026-04-07 22:31:14] INFO - ✓ Đọc thành công: workspace/inputs/script.json (6 mục)
[2026-04-07 22:31:14] INFO - 📁 Thư mục output: D:\Sinh_Anh_Truyen_Tranh_AI\workspace\outputs
[2026-04-07 22:31:14] INFO - 📋 Bắt đầu xử lý 6 khung hình
[2026-04-07 22:31:14] INFO - ▶ Khung 1: aspect_ratio_16_9 -> 16:9
[2026-04-07 22:31:14] DEBUG -   [1] Tạo ảnh AI...
[2026-04-07 22:31:52] DEBUG -   [2] Thêm chữ/subtitle...
[2026-04-07 22:31:52] INFO -   ✓ Khung 1 hoàn tất
[2026-04-07 22:31:52] DEBUG - ⏱ Chờ 5s để tránh Rate Limit...
[2026-04-07 22:31:57] INFO - ▶ Khung 2: aspect_ratio_1_1 -> 1:1
[2026-04-07 22:31:57] DEBUG -   [1] Tạo ảnh AI...
[2026-04-07 22:32:29] DEBUG -   [2] Thêm chữ/subtitle...
[2026-04-07 22:32:29] INFO -   ✓ Khung 2 hoàn tất
[2026-04-07 22:32:29] DEBUG - ⏱ Chờ 5s để tránh Rate Limit...
[2026-04-07 22:32:34] INFO - ▶ Khung 3: aspect_ratio_9_16 -> 9:16
[2026-04-07 22:32:34] DEBUG -   [1] Tạo ảnh AI...
[2026-04-07 22:32:58] DEBUG -   [2] Thêm chữ/subtitle...
[2026-04-07 22:32:59] INFO -   ✓ Khung 3 hoàn tất
[2026-04-07 22:32:59] DEBUG - ⏱ Chờ 5s để tránh Rate Limit...
[2026-04-07 22:33:04] INFO - ▶ Khung 4: aspect_ratio_16_9 -> 16:9
[2026-04-07 22:33:04] DEBUG -   [1] Tạo ảnh AI...
[2026-04-07 22:33:28] DEBUG -   [2] Thêm chữ/subtitle...
[2026-04-07 22:33:28] INFO -   ✓ Khung 4 hoàn tất
[2026-04-07 22:33:28] DEBUG - ⏱ Chờ 5s để tránh Rate Limit...
[2026-04-07 22:33:33] INFO - ▶ Khung 5: aspect_ratio_1_1 -> 1:1
[2026-04-07 22:33:33] DEBUG -   [1] Tạo ảnh AI...
[2026-04-07 22:33:57] DEBUG -   [2] Thêm chữ/subtitle...
[2026-04-07 22:33:57] INFO -   ✓ Khung 5 hoàn tất
[2026-04-07 22:33:57] DEBUG - ⏱ Chờ 5s để tránh Rate Limit...
[2026-04-07 22:34:02] INFO - ▶ Khung 6: aspect_ratio_16_9 -> 16:9
[2026-04-07 22:34:02] DEBUG -   [1] Tạo ảnh AI...
[2026-04-07 22:34:25] DEBUG -   [2] Thêm chữ/subtitle...
[2026-04-07 22:34:25] INFO -   ✓ Khung 6 hoàn tất
[2026-04-07 22:34:25] INFO - ✓ Hoàn tất: 6/6 khung hình
[2026-04-07 22:34:25] INFO - 📖 Ghép các khung thành trang truyện...
[2026-04-07 22:34:25] INFO - 🎨 Đang tiến hành ghép trang truyện A4 layout thường...
[2026-04-07 22:34:26] INFO - 🎉 XUẤT XƯỞNG THÀNH CÔNG! Trang truyện A4 được lưu tại: workspace/outputs\tap_truyen.jpg
[2026-04-07 22:34:26] INFO - ⏱ Tổng thời gian: 192.2s (3.2 phút)
[2026-04-07 22:34:26] INFO - Pipeline kết thúc thành công
[2026-04-07 22:40:24] INFO - Pipeline bắt đầu
[2026-04-07 22:40:24] INFO - 📂 Đọc file đầu vào...
[2026-04-07 22:40:24] INFO - ✓ Đọc thành công: workspace/inputs/layout.json (6 mục)
[2026-04-07 22:40:24] INFO - ✓ Đọc thành công: workspace/inputs/script.json (6 mục)
[2026-04-07 22:40:24] INFO - 📁 Thư mục output: D:\Sinh_Anh_Truyen_Tranh_AI\workspace\outputs
[2026-04-07 22:40:24] INFO - 📋 Bắt đầu xử lý 6 khung hình
[2026-04-07 22:40:24] INFO - ▶ Khung 1: aspect_ratio_16_9 -> 16:9
[2026-04-07 22:40:24] DEBUG -   [1] Tạo ảnh AI...
[2026-04-07 22:40:50] DEBUG -   [2] Thêm chữ/subtitle...
[2026-04-07 22:41:05] INFO -   ✓ Khung 1 hoàn tất
[2026-04-07 22:41:05] DEBUG - ⏱ Chờ 5s để tránh Rate Limit...
[2026-04-07 22:41:10] INFO - ▶ Khung 2: aspect_ratio_1_1 -> 1:1
[2026-04-07 22:41:10] DEBUG -   [1] Tạo ảnh AI...
[2026-04-07 22:41:39] DEBUG -   [2] Thêm chữ/subtitle...
[2026-04-07 22:41:50] INFO -   ✓ Khung 2 hoàn tất
[2026-04-07 22:41:50] DEBUG - ⏱ Chờ 5s để tránh Rate Limit...
[2026-04-07 22:41:55] INFO - ▶ Khung 3: aspect_ratio_9_16 -> 9:16
[2026-04-07 22:41:55] DEBUG -   [1] Tạo ảnh AI...
[2026-04-07 22:42:16] DEBUG -   [2] Thêm chữ/subtitle...
[2026-04-07 22:42:25] INFO -   ✓ Khung 3 hoàn tất
[2026-04-07 22:42:25] DEBUG - ⏱ Chờ 5s để tránh Rate Limit...
[2026-04-07 22:42:30] INFO - ▶ Khung 4: aspect_ratio_16_9 -> 16:9
[2026-04-07 22:42:30] DEBUG -   [1] Tạo ảnh AI...
[2026-04-07 22:43:01] DEBUG -   [2] Thêm chữ/subtitle...
[2026-04-07 22:43:13] INFO -   ✓ Khung 4 hoàn tất
[2026-04-07 22:43:13] DEBUG - ⏱ Chờ 5s để tránh Rate Limit...
[2026-04-07 22:43:18] INFO - ▶ Khung 5: aspect_ratio_1_1 -> 1:1
[2026-04-07 22:43:18] DEBUG -   [1] Tạo ảnh AI...
[2026-04-07 22:43:40] DEBUG -   [2] Thêm chữ/subtitle...
[2026-04-07 22:43:53] INFO -   ✓ Khung 5 hoàn tất
[2026-04-07 22:43:53] DEBUG - ⏱ Chờ 5s để tránh Rate Limit...
[2026-04-07 22:43:58] INFO - ▶ Khung 6: aspect_ratio_16_9 -> 16:9
[2026-04-07 22:43:58] DEBUG -   [1] Tạo ảnh AI...
[2026-04-07 22:44:19] DEBUG -   [2] Thêm chữ/subtitle...
[2026-04-07 22:44:32] INFO -   ✓ Khung 6 hoàn tất
[2026-04-07 22:44:32] INFO - ✓ Hoàn tất: 6/6 khung hình
[2026-04-07 22:44:32] INFO - 📖 Ghép các khung thành trang truyện...
[2026-04-07 22:44:32] INFO - 🎨 Đang ghép truyện dạng dọc tự do, không ép khổ A4...
[2026-04-07 22:44:33] INFO - 🎉 XUẤT XƯỞNG THÀNH CÔNG! Trang truyện dọc được lưu tại: workspace/outputs\tap_truyen.jpg
[2026-04-07 22:44:33] INFO - ⏱ Tổng thời gian: 249.0s (4.2 phút)
[2026-04-07 22:44:33] INFO - Pipeline kết thúc thành công
[2026-04-07 22:56:09] INFO - Pipeline bắt đầu
[2026-04-07 22:56:09] INFO - 📂 Đọc file đầu vào...
[2026-04-07 22:56:09] INFO - ✓ Đọc thành công: workspace/inputs/layout.json (6 mục)
[2026-04-07 22:56:09] INFO - ✓ Đọc thành công: workspace/inputs/script.json (6 mục)
[2026-04-07 22:56:09] INFO - 📁 Thư mục output: D:\Sinh_Anh_Truyen_Tranh_AI\workspace\outputs
[2026-04-07 22:56:09] INFO - 📋 Bắt đầu xử lý 6 khung hình
[2026-04-07 22:56:09] INFO - ▶ Khung 1: aspect_ratio_16_9 -> 16:9
[2026-04-07 22:56:09] DEBUG -   [1] Tạo ảnh AI...
[2026-04-07 22:56:31] DEBUG -   [2] Thêm chữ/subtitle...
[2026-04-07 22:56:43] INFO -   ✓ Khung 1 hoàn tất
[2026-04-07 22:56:43] DEBUG - ⏱ Chờ 5s để tránh Rate Limit...
[2026-04-07 22:56:48] INFO - ▶ Khung 2: aspect_ratio_1_1 -> 1:1
[2026-04-07 22:56:48] DEBUG -   [1] Tạo ảnh AI...
[2026-04-07 22:57:23] DEBUG -   [2] Thêm chữ/subtitle...
[2026-04-07 22:57:35] INFO -   ✓ Khung 2 hoàn tất
[2026-04-07 22:57:35] DEBUG - ⏱ Chờ 5s để tránh Rate Limit...
[2026-04-07 22:57:40] INFO - ▶ Khung 3: aspect_ratio_9_16 -> 9:16
[2026-04-07 22:57:40] DEBUG -   [1] Tạo ảnh AI...
[2026-04-07 22:58:10] DEBUG -   [2] Thêm chữ/subtitle...
[2026-04-07 22:58:23] INFO -   ✓ Khung 3 hoàn tất
[2026-04-07 22:58:23] DEBUG - ⏱ Chờ 5s để tránh Rate Limit...
[2026-04-07 22:58:28] INFO - ▶ Khung 4: aspect_ratio_16_9 -> 16:9
[2026-04-07 22:58:28] DEBUG -   [1] Tạo ảnh AI...
[2026-04-07 22:58:51] DEBUG -   [2] Thêm chữ/subtitle...
[2026-04-07 22:59:14] INFO -   ✓ Khung 4 hoàn tất
[2026-04-07 22:59:14] DEBUG - ⏱ Chờ 5s để tránh Rate Limit...
[2026-04-07 22:59:19] INFO - ▶ Khung 5: aspect_ratio_1_1 -> 1:1
[2026-04-07 22:59:19] DEBUG -   [1] Tạo ảnh AI...
[2026-04-07 22:59:45] DEBUG -   [2] Thêm chữ/subtitle...
[2026-04-07 22:59:56] INFO -   ✓ Khung 5 hoàn tất
[2026-04-07 22:59:56] DEBUG - ⏱ Chờ 5s để tránh Rate Limit...
[2026-04-07 23:00:01] INFO - ▶ Khung 6: aspect_ratio_16_9 -> 16:9
[2026-04-07 23:00:01] DEBUG -   [1] Tạo ảnh AI...
[2026-04-07 23:00:23] DEBUG -   [2] Thêm chữ/subtitle...
[2026-04-07 23:00:42] INFO -   ✓ Khung 6 hoàn tất
[2026-04-07 23:00:42] INFO - ✓ Hoàn tất: 6/6 khung hình
[2026-04-07 23:00:42] INFO - 📖 Ghép các khung thành trang truyện...
[2026-04-07 23:00:42] INFO - 🎨 Đang ghép truyện kiểu Doraemon: trái sang phải, trên xuống dưới...
[2026-04-07 23:00:42] INFO - 🎉 XUẤT XƯỞNG THÀNH CÔNG! Trang truyện được lưu tại: workspace/outputs\tap_truyen.jpg
[2026-04-07 23:00:42] INFO - ⏱ Tổng thời gian: 273.2s (4.6 phút)
[2026-04-07 23:00:42] INFO - Pipeline kết thúc thành công
[2026-04-07 23:18:31] INFO - Pipeline bắt đầu
[2026-04-07 23:18:31] INFO - 📂 Đọc file đầu vào...
[2026-04-07 23:18:31] INFO - ✓ Đọc thành công: workspace/inputs/layout.json (6 mục)
[2026-04-07 23:18:31] INFO - ✓ Đọc thành công: workspace/inputs/script.json (6 mục)
[2026-04-07 23:18:31] INFO - 📁 Thư mục output: D:\Sinh_Anh_Truyen_Tranh_AI\workspace\outputs
[2026-04-07 23:18:31] INFO - 📋 Bắt đầu xử lý 6 khung hình
[2026-04-07 23:18:31] INFO - ▶ Khung 1: aspect_ratio_16_9 -> 16:9
[2026-04-07 23:18:31] DEBUG -   [1] Tạo ảnh AI...
[2026-04-07 23:18:49] DEBUG -   [2] Thêm chữ/subtitle...
[2026-04-07 23:19:06] INFO -   ✓ Khung 1 hoàn tất
[2026-04-07 23:19:06] DEBUG - ⏱ Chờ 5s để tránh Rate Limit...
[2026-04-07 23:19:11] INFO - ▶ Khung 2: aspect_ratio_16_9 -> 16:9
[2026-04-07 23:19:11] DEBUG -   [1] Tạo ảnh AI...
[2026-04-07 23:19:31] DEBUG -   [2] Thêm chữ/subtitle...
[2026-04-07 23:19:39] INFO -   ✓ Khung 2 hoàn tất
[2026-04-07 23:19:39] DEBUG - ⏱ Chờ 5s để tránh Rate Limit...
[2026-04-07 23:19:44] INFO - ▶ Khung 3: aspect_ratio_16_9 -> 16:9
[2026-04-07 23:19:44] DEBUG -   [1] Tạo ảnh AI...
[2026-04-07 23:20:19] DEBUG -   [2] Thêm chữ/subtitle...
[2026-04-07 23:20:38] INFO -   ✓ Khung 3 hoàn tất
[2026-04-07 23:20:38] DEBUG - ⏱ Chờ 5s để tránh Rate Limit...
[2026-04-07 23:20:43] INFO - ▶ Khung 4: aspect_ratio_16_9 -> 16:9
[2026-04-07 23:20:43] DEBUG -   [1] Tạo ảnh AI...
[2026-04-07 23:21:02] DEBUG -   [2] Thêm chữ/subtitle...
[2026-04-07 23:21:15] INFO -   ✓ Khung 4 hoàn tất
[2026-04-07 23:21:15] DEBUG - ⏱ Chờ 5s để tránh Rate Limit...
[2026-04-07 23:21:20] INFO - ▶ Khung 5: aspect_ratio_16_9 -> 16:9
[2026-04-07 23:21:20] DEBUG -   [1] Tạo ảnh AI...
[2026-04-07 23:21:39] DEBUG -   [2] Thêm chữ/subtitle...
[2026-04-07 23:21:53] INFO -   ✓ Khung 5 hoàn tất
[2026-04-07 23:21:53] DEBUG - ⏱ Chờ 5s để tránh Rate Limit...
[2026-04-07 23:21:58] INFO - ▶ Khung 6: aspect_ratio_16_9 -> 16:9
[2026-04-07 23:21:58] DEBUG -   [1] Tạo ảnh AI...
[2026-04-07 23:22:21] DEBUG -   [2] Thêm chữ/subtitle...
[2026-04-07 23:22:46] INFO -   ✓ Khung 6 hoàn tất
[2026-04-07 23:22:46] INFO - ✓ Hoàn tất: 6/6 khung hình
[2026-04-07 23:22:46] INFO - 📖 Ghép các khung thành trang truyện...
[2026-04-07 23:22:46] INFO - 🎨 Đang ghép truyện với Smart Layout (Doraemon style)...
[2026-04-07 23:22:46] INFO - 🎉 XUẤT XƯỞNG THÀNH CÔNG! Trang truyện được lưu tại: workspace/outputs\tap_truyen.jpg
[2026-04-07 23:22:46] INFO - ⏱ Tổng thời gian: 254.4s (4.2 phút)
[2026-04-07 23:22:46] INFO - Pipeline kết thúc thành công
